Execption type 1 at 1a050179
  Except #: c0000005  Access violation
  Flags:    00000000
  Next Rec: 00000000
  Except Addr: 1a050179
  Num Parms: 2
  Except 0: 00000000
  Except 1: ffffffff
  Module:   D:\SHERLOCK\CATCH\CATCH.EXE
  Size:     24699
  Timestamp:Thu Jun 30 20:45:12 1994

  Lo Function: UNKNOWN
  Hi Function: UNKNOWN

Exception in thread: 1

Pid: 00000010  Tid:    00000001
Cmd:        0  Value:  00716668
Addr: 7b634954  Buffer: 1a050000
Len:  00010000  Index:  00000000
MTE:  00000335
EAX: 00178758  EBX: 00000000  ECX: 00000000  EDX: 00000007
ESP: 000285f4  EBP: 000287c0  ESI: 00000000  EDI: 00000000
EIP: 0000c834  EFLAGS: 00002206
  Carry Parity Aux Zero Sign Trap IntE Dir OFlow IOPL Nested Resume
  NC    PE      0  NE    0    0    1   DN  NO    2    0      0 
CSLim 1c000000  CSBase: 00000000  CSAcc: df  CSAttr: d0  CS:005b
DSLim 1c000000  DSBase: 00000000  DSAcc: f3  DSAttr: d0  DS:0053
ESLim 1c000000  ESBase: 00000000  ESAcc: f3  ESAttr: d0  ES:0053
FSLim 00000031  FSBase: 00040030  FSAcc: f3  FSAttr: 00  FS:150b
GSLim 00000000  GSBase: 00000000  GSAcc: 00  GSAttr: 00  GS:0000
SSLim 1c000000  SSBase: 00000000  SSAcc: f3  SSAttr: d0  SS:0053

EBP:	000287c0	EIP:	1a02c834
  Base:	1a020000	Rel:	0000c834	Len:	00010000
  Object: 00000002
  Module:   C:\OS2\DLL\DOSCALL1.DLL
  Size:     91402
  Timestamp:Fri Oct  7 20:19:36 1994

  Lo Function: DOS32R3EXCEPTIONDISPATCHER
  Hi Function: 

EBP:	000287f0	EIP:	1a02ae10
  Base:	1a020000	Rel:	0000ae10	Len:	00010000
  Object: 00000002
  Module:   C:\OS2\DLL\DOSCALL1.DLL
  Size:     91402
  Timestamp:Fri Oct  7 20:19:36 1994

  Function: DOS32OPEN
  Source:   
  Line:     68

EBP:	0002881c	EIP:	0001002c
  Base:	00010000	Rel:	0000002c	Len:	00010000
  Object: 00000001
  Module:   D:\SHERLOCK\CATCH\CATCH.EXE
  Size:     24699
  Timestamp:Thu Jun 30 20:45:12 1994

  Function: main
  Source:   CATCH.C
  Line:     13

EBP:	00028838	EIP:	000100dd
  Base:	00010000	Rel:	000000dd	Len:	00010000
  Object: 00000001
  Module:   D:\SHERLOCK\CATCH\CATCH.EXE
  Size:     24699
  Timestamp:Thu Jun 30 20:45:12 1994

  Lo Function: _RunExitList
  Hi Function: UNKNOWN

EIP: 1a02c834, DLL: C:\OS2\DLL\DOSCALL1.DLL Func: DOS32R3EXCEPTIONDISPATCHER
1a02c834  PUSH	EBP
1a02c835  MOV	EBP,ESP
1a02c837  SUB	ESP,0x00000100
1a02c83d  PUSH	EDI
1a02c83e  PUSH	ESI
1a02c83f  MOV	EAX,DWORD PTR [EBP 0xc]
1a02c842  CMP	DWORD PTR [EAX],0xc0010002
1a02c848  JE	$ 0x08
1a02c84a  CMP	DWORD PTR [EAX],0xc0010003
1a02c850  JNE	$ 0x0c
1a02c852  MOV	DWORD PTR [EBP 0],0x00000000
Execption type 2 at 1a050179
  Except #: c0000005  Access violation
  Flags:    00000000
  Next Rec: 00000000
  Except Addr: 1a050179
  Num Parms: 2
  Except 0: 00000000
  Except 1: ffffffff
  Module:   D:\SHERLOCK\CATCH\CATCH.EXE
  Size:     24699
  Timestamp:Thu Jun 30 20:45:12 1994

  Lo Function: UNKNOWN
  Hi Function: UNKNOWN

Exception in thread: 1

Pid: 00000010  Tid:    00000001
Cmd:        0  Value:  00716668
Addr: 7b634954  Buffer: 1a050000
Len:  00010000  Index:  00000000
MTE:  00000335
EAX: 00028624  EBX: 00020000  ECX: 00028648  EDX: 00020007
ESP: 000284f8  EBP: 00028610  ESI: 00000000  EDI: 00000000
EIP: 0000c989  EFLAGS: 00002287
  Carry Parity Aux Zero Sign Trap IntE Dir OFlow IOPL Nested Resume
  CY    PE      0  NE    1    0    1   DN  NO    3    0      0 
CSLim 1c000000  CSBase: 00000000  CSAcc: df  CSAttr: d0  CS:005b
DSLim 1c000000  DSBase: 00000000  DSAcc: f3  DSAttr: d0  DS:0053
ESLim 1c000000  ESBase: 00000000  ESAcc: f3  ESAttr: d0  ES:0053
FSLim 00000031  FSBase: 00040030  FSAcc: f3  FSAttr: 00  FS:150b
GSLim 00000000  GSBase: 00000000  GSAcc: 00  GSAttr: 00  GS:0000
SSLim 1c000000  SSBase: 00000000  SSAcc: f3  SSAttr: d0  SS:0053

EBP:	00028610	EIP:	1a02c989
  Base:	1a020000	Rel:	0000c989	Len:	00010000
  Object: 00000002
  Module:   C:\OS2\DLL\DOSCALL1.DLL
  Size:     91402
  Timestamp:Fri Oct  7 20:19:36 1994

  Function: DOS32R3EXCEPTIONDISPATCHER
  Source:   
  Line:     341

EIP: 1a02c989, DLL: C:\OS2\DLL\DOSCALL1.DLL Func: DOS32R3EXCEPTIONDISPATCHER
1a02c989  ADD	ESP,0x00000010
1a02c98c  POP	ESI
1a02c98d  POP	EDI
1a02c98e  LEAVE
1a02c98f  RET
1a02c990  PUSH	EBP
1a02c991  MOV	EBP,ESP
1a02c993  SUB	ESP,0x00000038
1a02c996  MOV	EAX,DWORD PTR [EBP 0x8]
1a02c999  TEST	BYTE PTR [EAX 0x4],0x08
1a02c99d  JE	$ 0x04
1a02c99f  SUB	EAX,EAX
1a02c9a1  LEAVE
1a02c9a2  RET
1a02c9a3  CALL	$ 0x1a0286eb
1a02c9a8  MOV	DWORD PTR [ESI],EAX
Execption type 1 at 1a02c989
  Except #: c0010001  Process terminate
  Flags:    00000001
  Next Rec: 00000000
  Except Addr: 1a02c989
  Num Parms: 0
  Module:   D:\SHERLOCK\CATCH\CATCH.EXE
  Size:     24699
  Timestamp:Thu Jun 30 20:45:12 1994

  Lo Function: 
  Hi Function: 

Exception in thread: 1

Pid: 00000010  Tid:    00000001
Cmd:        0  Value:  00716668
Addr: 7b634954  Buffer: 1a020000
Len:  00010000  Index:  00000000
MTE:  00000335
EAX: 00000000  EBX: 00020000  ECX: 00028648  EDX: 00020007
ESP: 00028394  EBP: 00028610  ESI: 00000000  EDI: 00000000
EIP: 0000c834  EFLAGS: 00002287
  Carry Parity Aux Zero Sign Trap IntE Dir OFlow IOPL Nested Resume
  CY    PE      0  NE    1    0    1   DN  NO    3    0      0 
CSLim 1c000000  CSBase: 00000000  CSAcc: df  CSAttr: d0  CS:005b
DSLim 1c000000  DSBase: 00000000  DSAcc: f3  DSAttr: d0  DS:0053
ESLim 1c000000  ESBase: 00000000  ESAcc: f3  ESAttr: d0  ES:0053
FSLim 00000031  FSBase: 00040030  FSAcc: f3  FSAttr: 00  FS:150b
GSLim 00000000  GSBase: 00000000  GSAcc: 00  GSAttr: 00  GS:0000
SSLim 1c000000  SSBase: 00000000  SSAcc: f3  SSAttr: d0  SS:0053

EBP:	00028610	EIP:	1a02c834
  Base:	1a020000	Rel:	0000c834	Len:	00010000
  Object: 00000002
  Module:   C:\OS2\DLL\DOSCALL1.DLL
  Size:     91402
  Timestamp:Fri Oct  7 20:19:36 1994

  Lo Function: DOS32R3EXCEPTIONDISPATCHER
  Hi Function: 

EIP: 1a02c834, DLL: C:\OS2\DLL\DOSCALL1.DLL Func: DOS32R3EXCEPTIONDISPATCHER
1a02c834  PUSH	EBP
1a02c835  MOV	EBP,ESP
1a02c837  SUB	ESP,0x00000100
1a02c83d  PUSH	EDI
1a02c83e  PUSH	ESI
1a02c83f  MOV	EAX,DWORD PTR [EBP 0xc]
1a02c842  CMP	DWORD PTR [EAX],0xc0010002
1a02c848  JE	$ 0x08
1a02c84a  CMP	DWORD PTR [EAX],0xc0010003
1a02c850  JNE	$ 0x0c
1a02c852  MOV	DWORD PTR [EBP 0x6],0x000a0190
Thread 1 Terminated
EIP: 1a02cd24, DLL: C:\OS2\DLL\DOSCALL1.DLL Func: _xcptUnwindDispatcher
1a02cd24  LEAVE
1a02cd25  RET
1a02cd26  PUSH	EBP
1a02cd27  MOV	EBP,ESP
1a02cd29  SUB	ESP,0x00000014
1a02cd2c  MOV	EAX,DWORD PTR [EBP 0xc]
1a02cd2f  MOV	DWORD PTR [EBP 0xf4],EAX
1a02cd32  MOV	ECX,DWORD PTR [EBP 0x18]
1a02cd35  MOV	DWORD PTR [EBP 0xf0],ECX
1a02cd38  LEA	ECX,DWORD PTR [EBP 0xec]
1a02cd3b  PUSH	ECX
1a02cd3c  CALL	$ 0x1a028548
1a02cd41  POP	ECX
1a02cd42  MOV	EAX,DWORD PTR [EBP 0x6]
Process Terminated
EIP: 1a3365ef, DLL: C:\OS2\DLL\PMSHAPI.DLL Func: SHLEXITLISTRTN
d19f:65ef POP	DS
d19f:65f0 POP	SI
d19f:65f1 LEAVE
d19f:65f2 RET	0x0002
d19f:65f5 NOP
d19f:65f6 PUSH	DS
d19f:65f7 MOV	AX,0xd1af
d19f:65fa MOV	DS,AX
d19f:65fc PUSHW	0x1081
d19f:65ff PUSHW	0xd19f
d19f:6602 PUSHW	0x658c
d19f:6605 CALL	:0000
d19f:660a OR	AX,AX
d19f:660c JE	$ 0x00
d19f:660e MOV	AX,0x0000
